-- Epoch #0 --
Training with 5000 images...
Correct classification: 1090 [0.109% ]
Elapsed time = 4442 milliseconds.
-- Epoch #1 --
Training with 5000 images...
Correct classification: 2043 [0.2043% ]
Elapsed time = 4302 milliseconds.
-- Epoch #2 --
Training with 5000 images...
Correct classification: 2947 [0.2947% ]
Elapsed time = 4316 milliseconds.
-- Epoch #3 --
Training with 5000 images...
Correct classification: 3108 [0.3108% ]
Elapsed time = 4307 milliseconds.
-- Epoch #4 --
Training with 5000 images...
Correct classification: 3164 [0.3164% ]
Elapsed time = 4307 milliseconds.
-- Epoch #5 --
Training with 5000 images...
Correct classification: 3195 [0.3195% ]
Elapsed time = 4308 milliseconds.
-- Epoch #6 --
Training with 5000 images...
Correct classification: 3217 [0.3217% ]
Elapsed time = 4312 milliseconds.
-- Epoch #7 --
Training with 5000 images...
Correct classification: 3230 [0.323% ]
Elapsed time = 4306 milliseconds.
-- Epoch #8 --
Training with 5000 images...
Correct classification: 3236 [0.3236% ]
Elapsed time = 4303 milliseconds.
-- Epoch #9 --
Training with 5000 images...
Correct classification: 3248 [0.3248% ]
Elapsed time = 4304 milliseconds.
	Command being timed: "./homework5 /tmp/slurmtmp.37743961/data"
	User time (seconds): 41.98
	System time (seconds): 0.99
	Percent of CPU this job got: 99%
	Elapsed (wall clock) time (h:mm:ss or m:ss): 0:43.21
	Average shared text size (kbytes): 0
	Average unshared data size (kbytes): 0
	Average stack size (kbytes): 0
	Average total size (kbytes): 0
	Maximum resident set size (kbytes): 5368
	Average resident set size (kbytes): 0
	Major (requiring I/O) page faults: 2
	Minor (reclaiming a frame) page faults: 34625
	Voluntary context switches: 62
	Involuntary context switches: 290
	Swaps: 0
	File system inputs: 1800
	File system outputs: 8
	Socket messages sent: 0
	Socket messages received: 0
	Signals delivered: 0
	Page size (bytes): 4096
	Exit status: 0
-- Epoch #0 --
Training with 5000 images...
Correct classification: 1090 [0.109% ]
Elapsed time = 4389 milliseconds.
-- Epoch #1 --
Training with 5000 images...
Correct classification: 2043 [0.2043% ]
Elapsed time = 4298 milliseconds.
-- Epoch #2 --
Training with 5000 images...
Correct classification: 2947 [0.2947% ]
Elapsed time = 4303 milliseconds.
-- Epoch #3 --
Training with 5000 images...
Correct classification: 3108 [0.3108% ]
Elapsed time = 4304 milliseconds.
-- Epoch #4 --
Training with 5000 images...
Correct classification: 3164 [0.3164% ]
Elapsed time = 4304 milliseconds.
-- Epoch #5 --
Training with 5000 images...
Correct classification: 3195 [0.3195% ]
Elapsed time = 4302 milliseconds.
-- Epoch #6 --
Training with 5000 images...
Correct classification: 3217 [0.3217% ]
Elapsed time = 4304 milliseconds.
-- Epoch #7 --
Training with 5000 images...
Correct classification: 3230 [0.323% ]
Elapsed time = 4302 milliseconds.
-- Epoch #8 --
Training with 5000 images...
Correct classification: 3236 [0.3236% ]
Elapsed time = 4304 milliseconds.
-- Epoch #9 --
Training with 5000 images...
Correct classification: 3248 [0.3248% ]
Elapsed time = 4300 milliseconds.
	Command being timed: "./homework5 /tmp/slurmtmp.37743961/data"
	User time (seconds): 41.87
	System time (seconds): 1.03
	Percent of CPU this job got: 99%
	Elapsed (wall clock) time (h:mm:ss or m:ss): 0:43.11
	Average shared text size (kbytes): 0
	Average unshared data size (kbytes): 0
	Average stack size (kbytes): 0
	Average total size (kbytes): 0
	Maximum resident set size (kbytes): 5368
	Average resident set size (kbytes): 0
	Major (requiring I/O) page faults: 0
	Minor (reclaiming a frame) page faults: 34628
	Voluntary context switches: 52
	Involuntary context switches: 423
	Swaps: 0
	File system inputs: 0
	File system outputs: 8
	Socket messages sent: 0
	Socket messages received: 0
	Signals delivered: 0
	Page size (bytes): 4096
	Exit status: 0
-- Epoch #0 --
Training with 5000 images...
Correct classification: 1090 [0.109% ]
Elapsed time = 4387 milliseconds.
-- Epoch #1 --
Training with 5000 images...
Correct classification: 2043 [0.2043% ]
Elapsed time = 4303 milliseconds.
-- Epoch #2 --
Training with 5000 images...
Correct classification: 2947 [0.2947% ]
Elapsed time = 4306 milliseconds.
-- Epoch #3 --
Training with 5000 images...
Correct classification: 3108 [0.3108% ]
Elapsed time = 4308 milliseconds.
-- Epoch #4 --
Training with 5000 images...
Correct classification: 3164 [0.3164% ]
Elapsed time = 4308 milliseconds.
-- Epoch #5 --
Training with 5000 images...
Correct classification: 3195 [0.3195% ]
Elapsed time = 4306 milliseconds.
-- Epoch #6 --
Training with 5000 images...
Correct classification: 3217 [0.3217% ]
Elapsed time = 4305 milliseconds.
-- Epoch #7 --
Training with 5000 images...
Correct classification: 3230 [0.323% ]
Elapsed time = 4305 milliseconds.
-- Epoch #8 --
Training with 5000 images...
Correct classification: 3236 [0.3236% ]
Elapsed time = 4304 milliseconds.
-- Epoch #9 --
Training with 5000 images...
Correct classification: 3248 [0.3248% ]
Elapsed time = 4308 milliseconds.
	Command being timed: "./homework5 /tmp/slurmtmp.37743961/data"
	User time (seconds): 41.96
	System time (seconds): 0.96
	Percent of CPU this job got: 99%
	Elapsed (wall clock) time (h:mm:ss or m:ss): 0:43.15
	Average shared text size (kbytes): 0
	Average unshared data size (kbytes): 0
	Average stack size (kbytes): 0
	Average total size (kbytes): 0
	Maximum resident set size (kbytes): 5120
	Average resident set size (kbytes): 0
	Major (requiring I/O) page faults: 0
	Minor (reclaiming a frame) page faults: 34629
	Voluntary context switches: 53
	Involuntary context switches: 460
	Swaps: 0
	File system inputs: 0
	File system outputs: 16
	Socket messages sent: 0
	Socket messages received: 0
	Signals delivered: 0
	Page size (bytes): 4096
	Exit status: 0
-- Epoch #0 --
Training with 5000 images...
Correct classification: 1090 [0.109% ]
Elapsed time = 4382 milliseconds.
-- Epoch #1 --
Training with 5000 images...
Correct classification: 2043 [0.2043% ]
Elapsed time = 4305 milliseconds.
-- Epoch #2 --
Training with 5000 images...
Correct classification: 2947 [0.2947% ]
Elapsed time = 4298 milliseconds.
-- Epoch #3 --
Training with 5000 images...
Correct classification: 3108 [0.3108% ]
Elapsed time = 4306 milliseconds.
-- Epoch #4 --
Training with 5000 images...
Correct classification: 3164 [0.3164% ]
Elapsed time = 4308 milliseconds.
-- Epoch #5 --
Training with 5000 images...
Correct classification: 3195 [0.3195% ]
Elapsed time = 4303 milliseconds.
-- Epoch #6 --
Training with 5000 images...
Correct classification: 3217 [0.3217% ]
Elapsed time = 4307 milliseconds.
-- Epoch #7 --
Training with 5000 images...
Correct classification: 3230 [0.323% ]
Elapsed time = 4304 milliseconds.
-- Epoch #8 --
Training with 5000 images...
Correct classification: 3236 [0.3236% ]
Elapsed time = 4306 milliseconds.
-- Epoch #9 --
Training with 5000 images...
Correct classification: 3248 [0.3248% ]
Elapsed time = 4310 milliseconds.
	Command being timed: "./homework5 /tmp/slurmtmp.37743961/data"
	User time (seconds): 41.88
	System time (seconds): 1.02
	Percent of CPU this job got: 99%
	Elapsed (wall clock) time (h:mm:ss or m:ss): 0:43.13
	Average shared text size (kbytes): 0
	Average unshared data size (kbytes): 0
	Average stack size (kbytes): 0
	Average total size (kbytes): 0
	Maximum resident set size (kbytes): 5372
	Average resident set size (kbytes): 0
	Major (requiring I/O) page faults: 0
	Minor (reclaiming a frame) page faults: 34627
	Voluntary context switches: 50
	Involuntary context switches: 483
	Swaps: 0
	File system inputs: 0
	File system outputs: 8
	Socket messages sent: 0
	Socket messages received: 0
	Signals delivered: 0
	Page size (bytes): 4096
	Exit status: 0
-- Epoch #0 --
Training with 5000 images...
Correct classification: 1090 [0.109% ]
Elapsed time = 4399 milliseconds.
-- Epoch #1 --
Training with 5000 images...
Correct classification: 2043 [0.2043% ]
Elapsed time = 4310 milliseconds.
-- Epoch #2 --
Training with 5000 images...
Correct classification: 2947 [0.2947% ]
Elapsed time = 4320 milliseconds.
-- Epoch #3 --
Training with 5000 images...
Correct classification: 3108 [0.3108% ]
Elapsed time = 4323 milliseconds.
-- Epoch #4 --
Training with 5000 images...
Correct classification: 3164 [0.3164% ]
Elapsed time = 4309 milliseconds.
-- Epoch #5 --
Training with 5000 images...
Correct classification: 3195 [0.3195% ]
Elapsed time = 4307 milliseconds.
-- Epoch #6 --
Training with 5000 images...
Correct classification: 3217 [0.3217% ]
Elapsed time = 4310 milliseconds.
-- Epoch #7 --
Training with 5000 images...
Correct classification: 3230 [0.323% ]
Elapsed time = 4318 milliseconds.
-- Epoch #8 --
Training with 5000 images...
Correct classification: 3236 [0.3236% ]
Elapsed time = 4309 milliseconds.
-- Epoch #9 --
Training with 5000 images...
Correct classification: 3248 [0.3248% ]
Elapsed time = 4312 milliseconds.
	Command being timed: "./homework5 /tmp/slurmtmp.37743961/data"
	User time (seconds): 42.01
	System time (seconds): 0.99
	Percent of CPU this job got: 99%
	Elapsed (wall clock) time (h:mm:ss or m:ss): 0:43.22
	Average shared text size (kbytes): 0
	Average unshared data size (kbytes): 0
	Average stack size (kbytes): 0
	Average total size (kbytes): 0
	Maximum resident set size (kbytes): 5372
	Average resident set size (kbytes): 0
	Major (requiring I/O) page faults: 0
	Minor (reclaiming a frame) page faults: 34627
	Voluntary context switches: 52
	Involuntary context switches: 475
	Swaps: 0
	File system inputs: 0
	File system outputs: 16
	Socket messages sent: 0
	Socket messages received: 0
	Signals delivered: 0
	Page size (bytes): 4096
	Exit status: 0
